<?xml version="1.0" encoding="UTF-8"?>
<testsuite xmlns:xsi="http://www.w3.org/2001/XMLSchema-instance" xsi:noNamespaceSchemaLocation="https://maven.apache.org/surefire/maven-surefire-plugin/xsd/surefire-test-report.xsd" name="com.sudhu.AppTest" time="0.076" tests="1" errors="0" skipped="0" failures="0">
  <properties>
    <property name="sun.desktop" value="windows"/>
    <property name="awt.toolkit" value="sun.awt.windows.WToolkit"/>
    <property name="file.encoding.pkg" value="sun.io"/>
    <property name="java.specification.version" value="1.8"/>
    <property name="sun.cpu.isalist" value="amd64"/>
    <property name="sun.jnu.encoding" value="Cp1252"/>
    <property name="java.class.path" value="c:\Users\Vagisudar\Documents\Azurekeyvaultconnection\azurekeyvaultconnection\target\test-classes;c:\Users\Vagisudar\Documents\Azurekeyvaultconnection\azurekeyvaultconnection\target\classes;C:\Users\Vagisudar\.m2\repository\com\azure\azure-security-keyvault-secrets\4.2.3\azure-security-keyvault-secrets-4.2.3.jar;C:\Users\Vagisudar\.m2\repository\com\azure\azure-core\1.10.0\azure-core-1.10.0.jar;C:\Users\Vagisudar\.m2\repository\com\fasterxml\jackson\datatype\jackson-datatype-jsr310\2.11.2\jackson-datatype-jsr310-2.11.2.jar;C:\Users\Vagisudar\.m2\repository\com\fasterxml\jackson\core\jackson-annotations\2.11.2\jackson-annotations-2.11.2.jar;C:\Users\Vagisudar\.m2\repository\com\fasterxml\jackson\core\jackson-core\2.11.2\jackson-core-2.11.2.jar;C:\Users\Vagisudar\.m2\repository\com\fasterxml\jackson\dataformat\jackson-dataformat-xml\2.11.2\jackson-dataformat-xml-2.11.2.jar;C:\Users\Vagisudar\.m2\repository\com\fasterxml\jackson\module\jackson-module-jaxb-annotations\2.11.2\jackson-module-jaxb-annotations-2.11.2.jar;C:\Users\Vagisudar\.m2\repository\jakarta\xml\bind\jakarta.xml.bind-api\2.3.2\jakarta.xml.bind-api-2.3.2.jar;C:\Users\Vagisudar\.m2\repository\jakarta\activation\jakarta.activation-api\1.2.1\jakarta.activation-api-1.2.1.jar;C:\Users\Vagisudar\.m2\repository\org\codehaus\woodstox\stax2-api\4.2.1\stax2-api-4.2.1.jar;C:\Users\Vagisudar\.m2\repository\com\fasterxml\woodstox\woodstox-core\6.2.1\woodstox-core-6.2.1.jar;C:\Users\Vagisudar\.m2\repository\org\slf4j\slf4j-api\1.7.30\slf4j-api-1.7.30.jar;C:\Users\Vagisudar\.m2\repository\io\projectreactor\reactor-core\3.3.10.RELEASE\reactor-core-3.3.10.RELEASE.jar;C:\Users\Vagisudar\.m2\repository\org\reactivestreams\reactive-streams\1.0.3\reactive-streams-1.0.3.jar;C:\Users\Vagisudar\.m2\repository\io\netty\netty-tcnative-boringssl-static\2.0.34.Final\netty-tcnative-boringssl-static-2.0.34.Final.jar;C:\Users\Vagisudar\.m2\repository\com\azure\azure-core-http-netty\1.6.3\azure-core-http-netty-1.6.3.jar;C:\Users\Vagisudar\.m2\repository\io\netty\netty-handler\4.1.52.Final\netty-handler-4.1.52.Final.jar;C:\Users\Vagisudar\.m2\repository\io\netty\netty-common\4.1.52.Final\netty-common-4.1.52.Final.jar;C:\Users\Vagisudar\.m2\repository\io\netty\netty-resolver\4.1.52.Final\netty-resolver-4.1.52.Final.jar;C:\Users\Vagisudar\.m2\repository\io\netty\netty-transport\4.1.52.Final\netty-transport-4.1.52.Final.jar;C:\Users\Vagisudar\.m2\repository\io\netty\netty-codec\4.1.52.Final\netty-codec-4.1.52.Final.jar;C:\Users\Vagisudar\.m2\repository\io\netty\netty-handler-proxy\4.1.52.Final\netty-handler-proxy-4.1.52.Final.jar;C:\Users\Vagisudar\.m2\repository\io\netty\netty-codec-socks\4.1.52.Final\netty-codec-socks-4.1.52.Final.jar;C:\Users\Vagisudar\.m2\repository\io\netty\netty-buffer\4.1.52.Final\netty-buffer-4.1.52.Final.jar;C:\Users\Vagisudar\.m2\repository\io\netty\netty-codec-http\4.1.52.Final\netty-codec-http-4.1.52.Final.jar;C:\Users\Vagisudar\.m2\repository\io\netty\netty-codec-http2\4.1.52.Final\netty-codec-http2-4.1.52.Final.jar;C:\Users\Vagisudar\.m2\repository\io\netty\netty-transport-native-unix-common\4.1.52.Final\netty-transport-native-unix-common-4.1.52.Final.jar;C:\Users\Vagisudar\.m2\repository\io\netty\netty-transport-native-epoll\4.1.52.Final\netty-transport-native-epoll-4.1.52.Final-linux-x86_64.jar;C:\Users\Vagisudar\.m2\repository\io\netty\netty-transport-native-kqueue\4.1.52.Final\netty-transport-native-kqueue-4.1.52.Final-osx-x86_64.jar;C:\Users\Vagisudar\.m2\repository\io\projectreactor\netty\reactor-netty\0.9.12.RELEASE\reactor-netty-0.9.12.RELEASE.jar;C:\Users\Vagisudar\.m2\repository\com\azure\azure-identity\1.2.0\azure-identity-1.2.0.jar;C:\Users\Vagisudar\.m2\repository\net\minidev\json-smart\2.3\json-smart-2.3.jar;C:\Users\Vagisudar\.m2\repository\net\minidev\accessors-smart\1.2\accessors-smart-1.2.jar;C:\Users\Vagisudar\.m2\repository\org\ow2\asm\asm\5.0.4\asm-5.0.4.jar;C:\Users\Vagisudar\.m2\repository\com\microsoft\azure\msal4j\1.8.0\msal4j-1.8.0.jar;C:\Users\Vagisudar\.m2\repository\com\fasterxml\jackson\core\jackson-databind\2.10.1\jackson-databind-2.10.1.jar;C:\Users\Vagisudar\.m2\repository\com\microsoft\azure\msal4j-persistence-extension\1.0.0\msal4j-persistence-extension-1.0.0.jar;C:\Users\Vagisudar\.m2\repository\net\java\dev\jna\jna\5.5.0\jna-5.5.0.jar;C:\Users\Vagisudar\.m2\repository\com\nimbusds\oauth2-oidc-sdk\7.1.1\oauth2-oidc-sdk-7.1.1.jar;C:\Users\Vagisudar\.m2\repository\com\github\stephenc\jcip\jcip-annotations\1.0-1\jcip-annotations-1.0-1.jar;C:\Users\Vagisudar\.m2\repository\com\nimbusds\content-type\2.0\content-type-2.0.jar;C:\Users\Vagisudar\.m2\repository\com\nimbusds\lang-tag\1.4.4\lang-tag-1.4.4.jar;C:\Users\Vagisudar\.m2\repository\com\nimbusds\nimbus-jose-jwt\8.8\nimbus-jose-jwt-8.8.jar;C:\Users\Vagisudar\.m2\repository\com\sun\mail\javax.mail\1.6.1\javax.mail-1.6.1.jar;C:\Users\Vagisudar\.m2\repository\javax\activation\activation\1.1\activation-1.1.jar;C:\Users\Vagisudar\.m2\repository\net\java\dev\jna\jna-platform\5.6.0\jna-platform-5.6.0.jar;C:\Users\Vagisudar\.m2\repository\org\linguafranca\pwdb\KeePassJava2\2.1.4\KeePassJava2-2.1.4.jar;C:\Users\Vagisudar\.m2\repository\org\linguafranca\pwdb\KeePassJava2-kdb\2.1.4\KeePassJava2-kdb-2.1.4.jar;C:\Users\Vagisudar\.m2\repository\org\linguafranca\pwdb\database\2.1.4\database-2.1.4.jar;C:\Users\Vagisudar\.m2\repository\com\google\guava\guava\19.0\guava-19.0.jar;C:\Users\Vagisudar\.m2\repository\com\madgag\spongycastle\core\1.54.0.0\core-1.54.0.0.jar;C:\Users\Vagisudar\.m2\repository\org\jetbrains\annotations\15.0\annotations-15.0.jar;C:\Users\Vagisudar\.m2\repository\org\linguafranca\pwdb\KeePassJava2-dom\2.1.4\KeePassJava2-dom-2.1.4.jar;C:\Users\Vagisudar\.m2\repository\org\linguafranca\pwdb\KeePassJava2-kdbx\2.1.4\KeePassJava2-kdbx-2.1.4.jar;C:\Users\Vagisudar\.m2\repository\commons-codec\commons-codec\1.10\commons-codec-1.10.jar;C:\Users\Vagisudar\.m2\repository\org\linguafranca\pwdb\KeePassJava2-jaxb\2.1.4\KeePassJava2-jaxb-2.1.4.jar;C:\Users\Vagisudar\.m2\repository\org\linguafranca\pwdb\KeePassJava2-simple\2.1.4\KeePassJava2-simple-2.1.4.jar;C:\Users\Vagisudar\.m2\repository\org\simpleframework\simple-xml\2.7.1\simple-xml-2.7.1.jar;C:\Users\Vagisudar\.m2\repository\stax\stax-api\1.0.1\stax-api-1.0.1.jar;C:\Users\Vagisudar\.m2\repository\stax\stax\1.2.0\stax-1.2.0.jar;C:\Users\Vagisudar\.m2\repository\xpp3\xpp3\1.1.3.3\xpp3-1.1.3.3.jar;C:\Users\Vagisudar\.m2\repository\org\apache\httpcomponents\httpcore\4.4.5\httpcore-4.4.5.jar;C:\Users\Vagisudar\.m2\repository\com\fasterxml\aalto-xml\1.0.0\aalto-xml-1.0.0.jar;C:\Users\Vagisudar\.m2\repository\junit\junit\4.11\junit-4.11.jar;C:\Users\Vagisudar\.m2\repository\org\hamcrest\hamcrest-core\1.3\hamcrest-core-1.3.jar;"/>
    <property name="java.vm.vendor" value="Oracle Corporation"/>
    <property name="sun.arch.data.model" value="64"/>
    <property name="user.variant" value=""/>
    <property name="java.vendor.url" value="http://java.oracle.com/"/>
    <property name="user.timezone" value="Asia/Calcutta"/>
    <property name="java.vm.specification.version" value="1.8"/>
    <property name="os.name" value="Windows 10"/>
    <property name="user.country" value="IN"/>
    <property name="sun.java.launcher" value="SUN_STANDARD"/>
    <property name="sun.boot.library.path" value="C:\Program Files\Java\jdk1.8.0_281\jre\bin"/>
    <property name="sun.java.command" value="C:\Users\VAGISU~1\AppData\Local\Temp\surefire7798246772891976661\surefirebooter4896356833012405062.jar C:\Users\Vagisudar\AppData\Local\Temp\surefire7798246772891976661 2021-11-21T22-27-54_407-jvmRun1 surefire1620421991892892502tmp surefire_06732580715177895292tmp"/>
    <property name="surefire.test.class.path" value="c:\Users\Vagisudar\Documents\Azurekeyvaultconnection\azurekeyvaultconnection\target\test-classes;c:\Users\Vagisudar\Documents\Azurekeyvaultconnection\azurekeyvaultconnection\target\classes;C:\Users\Vagisudar\.m2\repository\com\azure\azure-security-keyvault-secrets\4.2.3\azure-security-keyvault-secrets-4.2.3.jar;C:\Users\Vagisudar\.m2\repository\com\azure\azure-core\1.10.0\azure-core-1.10.0.jar;C:\Users\Vagisudar\.m2\repository\com\fasterxml\jackson\datatype\jackson-datatype-jsr310\2.11.2\jackson-datatype-jsr310-2.11.2.jar;C:\Users\Vagisudar\.m2\repository\com\fasterxml\jackson\core\jackson-annotations\2.11.2\jackson-annotations-2.11.2.jar;C:\Users\Vagisudar\.m2\repository\com\fasterxml\jackson\core\jackson-core\2.11.2\jackson-core-2.11.2.jar;C:\Users\Vagisudar\.m2\repository\com\fasterxml\jackson\dataformat\jackson-dataformat-xml\2.11.2\jackson-dataformat-xml-2.11.2.jar;C:\Users\Vagisudar\.m2\repository\com\fasterxml\jackson\module\jackson-module-jaxb-annotations\2.11.2\jackson-module-jaxb-annotations-2.11.2.jar;C:\Users\Vagisudar\.m2\repository\jakarta\xml\bind\jakarta.xml.bind-api\2.3.2\jakarta.xml.bind-api-2.3.2.jar;C:\Users\Vagisudar\.m2\repository\jakarta\activation\jakarta.activation-api\1.2.1\jakarta.activation-api-1.2.1.jar;C:\Users\Vagisudar\.m2\repository\org\codehaus\woodstox\stax2-api\4.2.1\stax2-api-4.2.1.jar;C:\Users\Vagisudar\.m2\repository\com\fasterxml\woodstox\woodstox-core\6.2.1\woodstox-core-6.2.1.jar;C:\Users\Vagisudar\.m2\repository\org\slf4j\slf4j-api\1.7.30\slf4j-api-1.7.30.jar;C:\Users\Vagisudar\.m2\repository\io\projectreactor\reactor-core\3.3.10.RELEASE\reactor-core-3.3.10.RELEASE.jar;C:\Users\Vagisudar\.m2\repository\org\reactivestreams\reactive-streams\1.0.3\reactive-streams-1.0.3.jar;C:\Users\Vagisudar\.m2\repository\io\netty\netty-tcnative-boringssl-static\2.0.34.Final\netty-tcnative-boringssl-static-2.0.34.Final.jar;C:\Users\Vagisudar\.m2\repository\com\azure\azure-core-http-netty\1.6.3\azure-core-http-netty-1.6.3.jar;C:\Users\Vagisudar\.m2\repository\io\netty\netty-handler\4.1.52.Final\netty-handler-4.1.52.Final.jar;C:\Users\Vagisudar\.m2\repository\io\netty\netty-common\4.1.52.Final\netty-common-4.1.52.Final.jar;C:\Users\Vagisudar\.m2\repository\io\netty\netty-resolver\4.1.52.Final\netty-resolver-4.1.52.Final.jar;C:\Users\Vagisudar\.m2\repository\io\netty\netty-transport\4.1.52.Final\netty-transport-4.1.52.Final.jar;C:\Users\Vagisudar\.m2\repository\io\netty\netty-codec\4.1.52.Final\netty-codec-4.1.52.Final.jar;C:\Users\Vagisudar\.m2\repository\io\netty\netty-handler-proxy\4.1.52.Final\netty-handler-proxy-4.1.52.Final.jar;C:\Users\Vagisudar\.m2\repository\io\netty\netty-codec-socks\4.1.52.Final\netty-codec-socks-4.1.52.Final.jar;C:\Users\Vagisudar\.m2\repository\io\netty\netty-buffer\4.1.52.Final\netty-buffer-4.1.52.Final.jar;C:\Users\Vagisudar\.m2\repository\io\netty\netty-codec-http\4.1.52.Final\netty-codec-http-4.1.52.Final.jar;C:\Users\Vagisudar\.m2\repository\io\netty\netty-codec-http2\4.1.52.Final\netty-codec-http2-4.1.52.Final.jar;C:\Users\Vagisudar\.m2\repository\io\netty\netty-transport-native-unix-common\4.1.52.Final\netty-transport-native-unix-common-4.1.52.Final.jar;C:\Users\Vagisudar\.m2\repository\io\netty\netty-transport-native-epoll\4.1.52.Final\netty-transport-native-epoll-4.1.52.Final-linux-x86_64.jar;C:\Users\Vagisudar\.m2\repository\io\netty\netty-transport-native-kqueue\4.1.52.Final\netty-transport-native-kqueue-4.1.52.Final-osx-x86_64.jar;C:\Users\Vagisudar\.m2\repository\io\projectreactor\netty\reactor-netty\0.9.12.RELEASE\reactor-netty-0.9.12.RELEASE.jar;C:\Users\Vagisudar\.m2\repository\com\azure\azure-identity\1.2.0\azure-identity-1.2.0.jar;C:\Users\Vagisudar\.m2\repository\net\minidev\json-smart\2.3\json-smart-2.3.jar;C:\Users\Vagisudar\.m2\repository\net\minidev\accessors-smart\1.2\accessors-smart-1.2.jar;C:\Users\Vagisudar\.m2\repository\org\ow2\asm\asm\5.0.4\asm-5.0.4.jar;C:\Users\Vagisudar\.m2\repository\com\microsoft\azure\msal4j\1.8.0\msal4j-1.8.0.jar;C:\Users\Vagisudar\.m2\repository\com\fasterxml\jackson\core\jackson-databind\2.10.1\jackson-databind-2.10.1.jar;C:\Users\Vagisudar\.m2\repository\com\microsoft\azure\msal4j-persistence-extension\1.0.0\msal4j-persistence-extension-1.0.0.jar;C:\Users\Vagisudar\.m2\repository\net\java\dev\jna\jna\5.5.0\jna-5.5.0.jar;C:\Users\Vagisudar\.m2\repository\com\nimbusds\oauth2-oidc-sdk\7.1.1\oauth2-oidc-sdk-7.1.1.jar;C:\Users\Vagisudar\.m2\repository\com\github\stephenc\jcip\jcip-annotations\1.0-1\jcip-annotations-1.0-1.jar;C:\Users\Vagisudar\.m2\repository\com\nimbusds\content-type\2.0\content-type-2.0.jar;C:\Users\Vagisudar\.m2\repository\com\nimbusds\lang-tag\1.4.4\lang-tag-1.4.4.jar;C:\Users\Vagisudar\.m2\repository\com\nimbusds\nimbus-jose-jwt\8.8\nimbus-jose-jwt-8.8.jar;C:\Users\Vagisudar\.m2\repository\com\sun\mail\javax.mail\1.6.1\javax.mail-1.6.1.jar;C:\Users\Vagisudar\.m2\repository\javax\activation\activation\1.1\activation-1.1.jar;C:\Users\Vagisudar\.m2\repository\net\java\dev\jna\jna-platform\5.6.0\jna-platform-5.6.0.jar;C:\Users\Vagisudar\.m2\repository\org\linguafranca\pwdb\KeePassJava2\2.1.4\KeePassJava2-2.1.4.jar;C:\Users\Vagisudar\.m2\repository\org\linguafranca\pwdb\KeePassJava2-kdb\2.1.4\KeePassJava2-kdb-2.1.4.jar;C:\Users\Vagisudar\.m2\repository\org\linguafranca\pwdb\database\2.1.4\database-2.1.4.jar;C:\Users\Vagisudar\.m2\repository\com\google\guava\guava\19.0\guava-19.0.jar;C:\Users\Vagisudar\.m2\repository\com\madgag\spongycastle\core\1.54.0.0\core-1.54.0.0.jar;C:\Users\Vagisudar\.m2\repository\org\jetbrains\annotations\15.0\annotations-15.0.jar;C:\Users\Vagisudar\.m2\repository\org\linguafranca\pwdb\KeePassJava2-dom\2.1.4\KeePassJava2-dom-2.1.4.jar;C:\Users\Vagisudar\.m2\repository\org\linguafranca\pwdb\KeePassJava2-kdbx\2.1.4\KeePassJava2-kdbx-2.1.4.jar;C:\Users\Vagisudar\.m2\repository\commons-codec\commons-codec\1.10\commons-codec-1.10.jar;C:\Users\Vagisudar\.m2\repository\org\linguafranca\pwdb\KeePassJava2-jaxb\2.1.4\KeePassJava2-jaxb-2.1.4.jar;C:\Users\Vagisudar\.m2\repository\org\linguafranca\pwdb\KeePassJava2-simple\2.1.4\KeePassJava2-simple-2.1.4.jar;C:\Users\Vagisudar\.m2\repository\org\simpleframework\simple-xml\2.7.1\simple-xml-2.7.1.jar;C:\Users\Vagisudar\.m2\repository\stax\stax-api\1.0.1\stax-api-1.0.1.jar;C:\Users\Vagisudar\.m2\repository\stax\stax\1.2.0\stax-1.2.0.jar;C:\Users\Vagisudar\.m2\repository\xpp3\xpp3\1.1.3.3\xpp3-1.1.3.3.jar;C:\Users\Vagisudar\.m2\repository\org\apache\httpcomponents\httpcore\4.4.5\httpcore-4.4.5.jar;C:\Users\Vagisudar\.m2\repository\com\fasterxml\aalto-xml\1.0.0\aalto-xml-1.0.0.jar;C:\Users\Vagisudar\.m2\repository\junit\junit\4.11\junit-4.11.jar;C:\Users\Vagisudar\.m2\repository\org\hamcrest\hamcrest-core\1.3\hamcrest-core-1.3.jar;"/>
    <property name="sun.cpu.endian" value="little"/>
    <property name="user.home" value="C:\Users\Vagisudar"/>
    <property name="user.language" value="en"/>
    <property name="java.specification.vendor" value="Oracle Corporation"/>
    <property name="java.home" value="C:\Program Files\Java\jdk1.8.0_281\jre"/>
    <property name="basedir" value="c:\Users\Vagisudar\Documents\Azurekeyvaultconnection\azurekeyvaultconnection"/>
    <property name="file.separator" value="\"/>
    <property name="line.separator" value="&#10;"/>
    <property name="java.vm.specification.vendor" value="Oracle Corporation"/>
    <property name="java.specification.name" value="Java Platform API Specification"/>
    <property name="java.awt.graphicsenv" value="sun.awt.Win32GraphicsEnvironment"/>
    <property name="surefire.real.class.path" value="C:\Users\VAGISU~1\AppData\Local\Temp\surefire7798246772891976661\surefirebooter4896356833012405062.jar"/>
    <property name="sun.boot.class.path" value="C:\Program Files\Java\jdk1.8.0_281\jre\lib\resources.jar;C:\Program Files\Java\jdk1.8.0_281\jre\lib\rt.jar;C:\Program Files\Java\jdk1.8.0_281\jre\lib\sunrsasign.jar;C:\Program Files\Java\jdk1.8.0_281\jre\lib\jsse.jar;C:\Program Files\Java\jdk1.8.0_281\jre\lib\jce.jar;C:\Program Files\Java\jdk1.8.0_281\jre\lib\charsets.jar;C:\Program Files\Java\jdk1.8.0_281\jre\lib\jfr.jar;C:\Program Files\Java\jdk1.8.0_281\jre\classes"/>
    <property name="user.script" value=""/>
    <property name="sun.management.compiler" value="HotSpot 64-Bit Tiered Compilers"/>
    <property name="java.runtime.version" value="1.8.0_281-b09"/>
    <property name="user.name" value="Vagisudar"/>
    <property name="path.separator" value=";"/>
    <property name="os.version" value="10.0"/>
    <property name="java.endorsed.dirs" value="C:\Program Files\Java\jdk1.8.0_281\jre\lib\endorsed"/>
    <property name="java.runtime.name" value="Java(TM) SE Runtime Environment"/>
    <property name="file.encoding" value="Cp1252"/>
    <property name="java.vm.name" value="Java HotSpot(TM) 64-Bit Server VM"/>
    <property name="localRepository" value="C:\Users\Vagisudar\.m2\repository"/>
    <property name="java.vendor.url.bug" value="http://bugreport.sun.com/bugreport/"/>
    <property name="java.io.tmpdir" value="C:\Users\VAGISU~1\AppData\Local\Temp\"/>
    <property name="java.version" value="1.8.0_281"/>
    <property name="user.dir" value="c:\Users\Vagisudar\Documents\Azurekeyvaultconnection\azurekeyvaultconnection"/>
    <property name="os.arch" value="amd64"/>
    <property name="java.vm.specification.name" value="Java Virtual Machine Specification"/>
    <property name="java.awt.printerjob" value="sun.awt.windows.WPrinterJob"/>
    <property name="sun.os.patch.level" value=""/>
    <property name="java.library.path" value="C:\Program Files\Java\jdk1.8.0_281\jre\bin;C:\WINDOWS\Sun\Java\bin;C:\WINDOWS\system32;C:\WINDOWS;C:\App\bin;D:\WINDOWS.X64_193000_db_home\bin;C:\Program Files\Java\jdk1.8.0_281\bin;C:\Program Files (x86)\Common Files\Oracle\Java\javapath;C:\WINDOWS\system32;C:\WINDOWS;C:\WINDOWS\System32\Wbem;C:\WINDOWS\System32\WindowsPowerShell\v1.0\;C:\WINDOWS\System32\OpenSSH\;C:\Program Files\Microsoft SQL Server\130\Tools\Binn\;C:\Users\Vagisudar\AppData\Roaming\nvm;C:\Program Files\nodejs;C:\Program Files\Docker\Docker\resources\bin;C:\ProgramData\DockerDesktop\version-bin;C:\Program Files\apache-maven-3.6.3\bin\;C:\Program Files\Amazon\AWSCLIV2\;C:\Program Files\Git\cmd;C:\Program Files (x86)\dotnet\;C:\Program Files\PuTTY\;C:\Program Files\PowerShell\7\;C:\Users\Vagisudar\AppData\Local\Programs\Python\Python39\Scripts\;C:\Users\Vagisudar\AppData\Local\Programs\Python\Python39\;C:\Users\Vagisudar\AppData\Local\Packages\PythonSoftwareFoundation.Python.3.9_qbz5n2kfra8p0\LocalCache\local-packages\Python39\Scripts\;C:\Users\Vagisudar\AppData\Local\Programs\Microsoft VS Code\bin;C:\Users\Vagisudar\Downloads\log4j-1.2.17\apache-log4j-1.2.17;;%USERPROFILE%\AppData\Local\Microsoft\WindowsApps;."/>
    <property name="java.vm.info" value="mixed mode"/>
    <property name="java.vendor" value="Oracle Corporation"/>
    <property name="java.vm.version" value="25.281-b09"/>
    <property name="java.ext.dirs" value="C:\Program Files\Java\jdk1.8.0_281\jre\lib\ext;C:\WINDOWS\Sun\Java\lib\ext"/>
    <property name="sun.io.unicode.encoding" value="UnicodeLittle"/>
    <property name="java.class.version" value="52.0"/>
  </properties>
  <testcase name="shouldAnswerWithTrue" classname="com.sudhu.AppTest" time="0.003"/>
</testsuite>